SF:lib/features/auth/data/models/user_model.dart
DA:17,1
DA:18,1
DA:20,1
DA:21,1
DA:22,1
DA:23,1
DA:24,1
DA:25,1
DA:26,1
DA:32,1
DA:33,1
DA:34,1
DA:35,1
DA:36,1
DA:37,1
DA:38,1
LF:16
LH:16
end_of_record
SF:lib/features/auth/data/models/user_model.g.dart
DA:9,2
DA:10,1
DA:11,1
DA:12,1
DA:13,1
DA:14,1
DA:17,1
DA:18,1
DA:19,1
DA:20,1
DA:21,1
DA:22,1
DA:23,1
LF:13
LH:13
end_of_record
SF:lib/features/auth/domain/entities/user.dart
DA:16,2
LF:1
LH:1
end_of_record
SF:lib/features/auth/domain/entities/user.g.dart
DA:9,2
DA:10,1
DA:11,1
DA:12,1
DA:13,1
DA:14,1
DA:17,4
DA:18,2
DA:19,2
DA:20,2
DA:21,2
DA:22,2
LF:12
LH:12
end_of_record
SF:lib/app.dart
DA:10,1
DA:12,1
DA:14,1
DA:15,1
DA:16,1
DA:21,1
DA:22,1
DA:38,1
LF:8
LH:8
end_of_record
SF:lib/core/presentation/utils/providers.dart
DA:5,3
DA:6,4
LF:2
LH:2
end_of_record
SF:lib/core/router/app_router.dart
DA:7,3
DA:9,1
DA:10,1
DA:11,2
DA:12,3
DA:14,1
DA:17,1
DA:18,0
DA:23,2
LF:9
LH:8
end_of_record
SF:lib/core/theme/app_theme.dart
DA:6,2
DA:7,2
DA:10,2
DA:47,2
DA:48,2
DA:55,2
DA:56,2
DA:67,2
DA:68,2
DA:74,2
DA:75,2
DA:86,2
DA:87,2
DA:90,2
DA:91,2
DA:102,2
DA:105,2
DA:106,2
DA:109,2
DA:110,2
DA:113,2
DA:114,2
DA:118,2
DA:119,2
DA:123,2
DA:124,2
DA:261,2
DA:275,2
DA:276,2
DA:307,2
DA:308,2
DA:311,2
LF:32
LH:32
end_of_record
SF:lib/core/error/failures.dart
DA:2,35
DA:5,0
DA:6,0
DA:10,6
DA:12,1
DA:13,2
DA:17,34
DA:19,1
DA:20,2
DA:24,3
DA:26,1
DA:27,2
LF:12
LH:10
end_of_record
SF:lib/core/locator/register_module.dart
DA:6,1
LF:1
LH:1
end_of_record
SF:lib/core/network/api_client.dart
DA:7,0
DA:8,0
DA:12,0
DA:13,0
DA:14,0
DA:17,0
DA:23,0
DA:31,0
DA:38,0
DA:47,0
DA:54,0
DA:63,0
DA:70,0
DA:81,1
DA:83,2
DA:84,2
DA:86,1
LF:17
LH:4
end_of_record
SF:lib/core/network/network_module.dart
DA:7,1
DA:9,1
DA:10,2
DA:11,2
DA:12,2
LF:5
LH:5
end_of_record
SF:lib/core/services/local_storage_service.dart
DA:13,1
DA:16,0
DA:18,0
DA:20,0
DA:28,0
DA:29,0
DA:30,0
DA:33,0
DA:35,0
DA:37,0
DA:45,0
DA:46,0
DA:48,0
DA:53,0
DA:55,0
DA:56,0
DA:64,0
DA:66,0
DA:73,0
DA:74,0
DA:77,0
DA:79,0
DA:86,0
DA:87,0
DA:88,0
DA:91,0
DA:93,0
DA:100,0
DA:101,0
DA:102,0
DA:105,0
DA:107,0
DA:114,0
DA:116,0
LF:34
LH:1
end_of_record
SF:lib/features/auth/domain/usecases/login_usecase.dart
DA:8,1
DA:18,2
DA:21,1
DA:25,4
DA:26,1
DA:30,5
DA:31,1
DA:32,3
DA:33,1
DA:34,3
DA:39,2
DA:40,3
DA:42,1
DA:44,1
DA:47,3
LF:15
LH:15
end_of_record
SF:lib/features/auth/domain/usecases/logout_usecase.dart
DA:10,2
DA:12,1
DA:15,2
DA:17,1
DA:19,1
DA:24,3
LF:6
LH:6
end_of_record
SF:lib/features/auth/presentation/bloc/auth_state.dart
DA:9,8
DA:10,4
LF:2
LH:2
end_of_record
SF:lib/features/auth/presentation/bloc/auth_bloc.dart
DA:21,1
DA:25,2
DA:26,2
DA:27,2
DA:28,2
DA:31,0
DA:35,0
DA:37,0
DA:39,0
DA:42,0
DA:43,0
DA:44,0
DA:45,0
DA:49,0
DA:50,0
DA:51,0
DA:52,0
DA:57,0
DA:58,0
DA:59,0
DA:64,0
DA:65,0
DA:66,0
DA:72,0
DA:73,0
DA:75,0
DA:77,0
DA:78,0
DA:79,0
DA:80,0
DA:84,0
DA:85,0
DA:86,0
DA:87,0
DA:88,0
DA:89,0
DA:92,0
DA:93,0
DA:94,0
DA:100,0
DA:101,0
DA:103,0
DA:105,0
DA:106,0
DA:107,0
DA:108,0
DA:109,0
DA:110,0
DA:113,0
DA:114,0
DA:115,0
LF:51
LH:5
end_of_record
SF:lib/features/todos/data/repositories/todo_repository_impl.dart
DA:14,1
DA:16,1
DA:19,2
DA:20,1
DA:22,3
DA:23,3
DA:24,1
DA:25,1
DA:26,1
DA:27,2
DA:29,3
DA:33,1
DA:36,3
DA:37,2
DA:38,2
DA:39,1
DA:40,0
DA:42,3
DA:46,1
DA:49,1
DA:50,3
DA:51,2
DA:52,2
DA:53,0
DA:54,0
DA:56,0
DA:60,1
DA:63,1
DA:64,5
DA:65,2
DA:66,2
DA:67,1
DA:68,0
DA:70,3
DA:74,1
DA:77,3
DA:79,1
DA:80,0
DA:82,3
DA:86,1
DA:87,1
DA:88,1
DA:89,0
DA:90,0
DA:92,0
DA:94,0
DA:95,0
DA:97,0
LF:48
LH:36
end_of_record
SF:lib/features/todos/domain/usecases/get_todo_by_id.dart
DA:10,1
DA:12,1
DA:13,2
LF:3
LH:3
end_of_record
SF:lib/features/todos/domain/usecases/get_todos.dart
DA:10,1
DA:12,1
DA:13,2
LF:3
LH:3
end_of_record
SF:lib/features/todos/domain/usecases/update_todo.dart
DA:10,1
DA:12,1
DA:13,2
LF:3
LH:3
end_of_record
SF:lib/features/todos/presentation/bloc/todos_bloc.dart
DA:19,1
DA:22,2
DA:23,2
DA:24,2
DA:25,2
DA:28,1
DA:32,5
DA:35,2
DA:38,1
DA:39,6
DA:40,1
DA:41,1
DA:42,3
DA:43,3
DA:48,6
DA:52,1
DA:56,5
DA:59,2
DA:62,1
DA:63,6
DA:64,1
DA:65,1
DA:66,3
DA:67,3
DA:72,6
DA:76,1
DA:80,2
DA:82,1
DA:83,1
DA:84,5
DA:86,2
DA:87,1
DA:88,3
DA:90,2
DA:93,1
DA:94,1
DA:95,2
DA:96,5
DA:97,1
DA:98,1
DA:99,3
DA:100,3
LF:42
LH:42
end_of_record
SF:lib/features/todos/presentation/bloc/todos_state.dart
DA:9,2
DA:10,1
LF:2
LH:2
end_of_record
SF:lib/core/locator/injectable.dart
DA:5,3
DA:7,1
DA:9,2
LF:3
LH:3
end_of_record
SF:lib/core/router/app_route_observer.dart
DA:5,2
DA:7,4
DA:8,8
DA:12,1
DA:14,2
DA:15,5
DA:19,1
DA:22,1
LF:8
LH:8
end_of_record
SF:lib/core/router/app_routes.dart
DA:20,28
DA:22,0
DA:24,0
DA:33,56
DA:35,1
DA:42,84
DA:44,0
DA:52,56
DA:54,0
DA:64,56
DA:66,0
DA:76,0
DA:81,0
DA:83,0
LF:14
LH:6
end_of_record
SF:lib/core/router/app_routes.g.dart
DA:9,2
DA:10,1
DA:11,1
DA:12,1
DA:13,1
DA:16,2
DA:18,1
DA:19,1
DA:23,1
DA:31,0
DA:36,0
DA:38,1
DA:39,1
DA:43,1
DA:44,2
DA:46,0
DA:47,0
DA:49,0
DA:51,0
DA:53,0
DA:54,0
DA:58,0
DA:60,1
DA:61,1
DA:65,1
DA:66,2
DA:68,0
DA:69,0
DA:71,0
DA:73,0
DA:75,0
DA:76,0
DA:79,2
DA:85,1
DA:87,0
DA:88,0
DA:92,0
DA:93,0
DA:95,0
DA:96,0
DA:98,0
DA:100,0
DA:102,0
DA:103,0
DA:106,2
DA:112,0
DA:114,0
DA:115,0
DA:119,0
DA:120,0
DA:122,0
DA:123,0
DA:125,0
DA:127,0
DA:129,0
DA:130,0
DA:133,2
DA:139,0
DA:140,0
DA:143,0
DA:145,0
DA:146,0
DA:147,0
DA:150,0
DA:151,0
DA:153,0
DA:154,0
DA:156,0
DA:158,0
DA:160,0
DA:161,0
LF:71
LH:21
end_of_record
SF:lib/features/home/presentation/pages/home_screen.dart
DA:8,31
DA:10,3
DA:12,3
DA:13,3
DA:14,3
DA:15,6
DA:19,6
DA:20,6
DA:22,3
DA:23,3
DA:25,3
DA:29,6
DA:30,3
DA:32,9
DA:34,3
DA:35,3
DA:36,3
DA:37,6
DA:38,6
DA:39,6
DA:40,0
DA:43,3
DA:44,3
DA:46,3
DA:48,3
DA:49,3
DA:58,3
DA:60,3
DA:61,6
DA:63,3
DA:68,3
DA:73,3
DA:90,3
DA:91,3
DA:93,3
DA:94,3
DA:95,3
DA:96,3
DA:99,3
DA:100,9
DA:101,3
DA:103,3
DA:105,9
DA:110,3
DA:111,3
DA:113,3
DA:114,3
DA:115,6
DA:116,9
DA:119,3
DA:120,3
DA:121,12
DA:122,9
DA:131,3
DA:134,3
DA:135,9
DA:136,3
DA:138,3
DA:139,3
DA:140,3
DA:142,9
DA:146,3
DA:148,12
DA:149,9
DA:160,3
DA:161,3
DA:163,3
DA:164,3
DA:166,9
DA:169,3
DA:170,3
DA:171,3
DA:172,3
DA:180,3
DA:181,3
DA:194,3
DA:200,3
DA:202,3
DA:203,9
DA:204,3
DA:206,3
DA:208,3
DA:209,3
DA:211,9
DA:215,3
DA:217,12
DA:222,3
DA:224,9
DA:231,3
DA:232,3
DA:234,3
DA:235,3
DA:237,3
DA:238,3
DA:240,9
DA:242,3
DA:243,0
DA:244,0
DA:251,3
DA:253,6
DA:255,6
DA:256,6
DA:264,3
DA:270,3
DA:272,3
DA:273,3
DA:274,3
DA:277,3
DA:278,9
DA:279,3
DA:281,3
DA:283,9
DA:288,3
DA:289,3
DA:291,3
DA:292,3
DA:294,12
DA:299,3
DA:301,9
LF:119
LH:116
end_of_record
SF:lib/features/home/presentation/pages/main_shell.dart
DA:9,1
DA:14,1
DA:15,1
DA:21,1
DA:22,2
DA:23,1
DA:27,1
DA:28,2
DA:30,1
DA:31,2
DA:36,1
DA:39,2
DA:40,1
DA:41,1
DA:42,1
DA:43,1
DA:46,1
DA:47,2
DA:48,1
DA:49,1
DA:50,2
DA:51,1
DA:52,1
DA:53,2
DA:58,1
DA:59,1
DA:61,1
DA:63,1
DA:64,1
DA:70,2
DA:72,1
DA:78,2
DA:88,1
DA:96,1
DA:97,2
DA:99,1
DA:101,1
DA:103,1
DA:104,1
DA:106,1
DA:108,1
DA:110,3
DA:111,3
DA:116,1
DA:118,4
DA:120,3
DA:121,3
LF:47
LH:47
end_of_record
SF:lib/features/home/presentation/pages/profile_screen.dart
DA:5,29
DA:7,1
DA:9,1
DA:10,1
DA:11,1
DA:12,1
DA:16,2
DA:17,1
DA:19,3
DA:22,1
DA:24,1
DA:25,2
DA:27,1
DA:28,1
DA:29,1
DA:30,1
DA:33,1
DA:34,1
DA:35,1
DA:36,1
DA:37,1
DA:39,1
DA:41,3
DA:46,1
DA:48,3
DA:51,1
DA:53,4
DA:54,1
DA:55,1
DA:56,1
DA:66,1
DA:70,1
DA:72,1
DA:76,1
DA:78,1
DA:82,0
DA:84,1
DA:88,0
DA:90,1
DA:94,0
DA:104,1
DA:110,1
DA:112,1
DA:113,1
DA:115,3
DA:117,1
DA:118,1
DA:120,3
LF:48
LH:45
end_of_record
SF:lib/features/auth/presentation/pages/login_screen.dart
DA:7,28
DA:9,1
DA:10,1
DA:19,1
DA:21,2
DA:22,2
DA:23,1
DA:26,1
DA:28,1
DA:29,2
DA:30,1
DA:31,0
DA:32,0
DA:33,0
DA:34,0
DA:35,0
DA:36,0
DA:37,0
DA:38,0
DA:40,0
DA:41,0
DA:47,1
DA:48,1
DA:49,1
DA:50,1
DA:52,1
DA:53,1
DA:54,1
DA:57,1
DA:59,1
DA:61,3
DA:68,1
DA:69,1
DA:72,0
DA:73,0
DA:76,0
DA:86,1
DA:87,1
DA:89,1
DA:90,1
DA:91,1
DA:92,1
DA:96,3
DA:99,0
DA:100,0
DA:101,0
DA:105,0
DA:106,0
DA:109,0
DA:119,1
DA:121,1
DA:122,2
DA:124,1
DA:125,2
DA:126,0
DA:129,0
DA:131,0
DA:132,0
DA:150,1
DA:158,1
DA:162,1
DA:170,0
DA:171,0
DA:172,0
DA:173,0
DA:174,0
DA:175,0
LF:67
LH:38
end_of_record
SF:lib/features/todos/presentation/pages/todo_detail_page.dart
DA:10,0
DA:15,0
DA:17,0
DA:18,0
DA:21,0
DA:22,0
DA:23,0
DA:24,0
DA:28,0
DA:29,0
DA:30,0
DA:34,0
DA:40,0
DA:42,0
DA:44,0
DA:45,0
DA:46,0
DA:48,0
DA:50,0
DA:51,0
DA:52,0
DA:53,0
DA:54,0
DA:57,0
DA:62,0
DA:63,0
DA:66,0
DA:67,0
DA:68,0
DA:69,0
DA:70,0
DA:78,0
DA:80,0
DA:83,0
DA:84,0
DA:85,0
DA:88,0
DA:90,0
DA:93,0
DA:94,0
DA:95,0
DA:98,0
DA:100,0
DA:103,0
DA:104,0
DA:105,0
DA:114,0
DA:115,0
DA:117,0
DA:118,0
DA:120,0
DA:121,0
LF:52
LH:0
end_of_record
SF:lib/features/todos/presentation/pages/todos_list_page.dart
DA:11,28
DA:13,0
DA:15,0
DA:16,0
DA:18,0
DA:19,0
DA:20,0
DA:21,0
DA:23,0
DA:25,0
DA:26,0
DA:27,0
DA:33,0
DA:34,0
DA:35,0
DA:36,0
DA:39,0
DA:42,0
DA:44,0
DA:45,0
DA:47,0
DA:48,0
DA:50,0
DA:51,0
DA:52,0
DA:53,0
DA:54,0
DA:56,0
DA:57,0
DA:58,0
DA:59,0
DA:60,0
DA:65,0
DA:66,0
DA:68,0
DA:69,0
DA:70,0
DA:71,0
DA:75,0
DA:76,0
DA:77,0
DA:78,0
DA:92,28
DA:94,0
DA:96,0
DA:97,0
LF:46
LH:2
end_of_record
SF:lib/core/utils/base_usecase.dart
DA:8,29
LF:1
LH:1
end_of_record
SF:lib/core/utils/resources.dart
DA:4,7
DA:5,7
DA:7,8
DA:9,12
DA:10,10
DA:11,7
DA:12,7
DA:17,18
DA:18,21
DA:19,21
DA:20,15
DA:22,1
DA:28,1
DA:29,1
DA:30,1
DA:31,1
DA:32,1
DA:33,1
DA:34,2
DA:35,1
DA:36,2
LF:21
LH:21
end_of_record
SF:lib/core/utils/result.dart
DA:4,43
DA:8,42
DA:13,6
LF:3
LH:3
end_of_record
SF:lib/features/todos/data/models/todo_model.dart
DA:16,2
DA:17,2
DA:19,2
DA:20,2
DA:21,2
DA:22,2
DA:23,2
DA:24,2
DA:30,2
DA:31,2
DA:32,2
DA:33,2
DA:34,2
DA:35,2
LF:14
LH:14
end_of_record
SF:lib/features/todos/data/models/todo_model.g.dart
DA:9,4
DA:10,4
DA:11,4
DA:12,2
DA:13,2
DA:16,2
DA:17,2
DA:18,2
DA:19,2
DA:20,2
DA:21,2
LF:11
LH:11
end_of_record
SF:lib/features/todos/domain/entities/todo.dart
DA:15,2
LF:1
LH:1
end_of_record
SF:lib/features/todos/domain/entities/todo.g.dart
DA:9,2
DA:10,2
DA:11,2
DA:12,1
DA:13,1
DA:16,2
DA:17,1
DA:18,1
DA:19,1
DA:20,1
LF:10
LH:10
end_of_record
SF:lib/features/todos/presentation/widgets/todo_item.dart
DA:9,1
DA:16,1
DA:18,1
DA:20,1
DA:21,1
DA:22,1
DA:23,1
DA:24,2
DA:25,2
DA:28,1
DA:29,2
DA:30,1
DA:31,2
DA:32,2
DA:35,4
DA:37,1
LF:16
LH:16
end_of_record
SF:lib/features/todos/presentation/widgets/todos_empty.dart
DA:4,29
DA:6,1
DA:8,1
DA:9,1
DA:11,1
DA:12,1
DA:15,1
DA:18,1
DA:20,4
DA:21,1
DA:25,1
DA:27,4
DA:28,1
LF:13
LH:13
end_of_record
SF:lib/features/auth/presentation/bloc/auth_event.dart
LF:0
LH:0
end_of_record
SF:lib/features/todos/presentation/bloc/todos_event.dart
LF:0
LH:0
end_of_record
SF:lib/core/utils/extentions.dart
DA:4,4
DA:6,4
DA:9,3
LF:3
LH:3
end_of_record
SF:lib/core/presentation/utils/app_bloc_observer.dart
DA:7,1
DA:9,1
DA:10,4
DA:13,1
DA:15,1
DA:16,4
DA:19,1
DA:21,1
DA:22,4
DA:25,1
DA:27,1
DA:28,2
DA:29,2
DA:33,1
DA:35,1
DA:36,4
DA:39,1
DA:41,1
DA:42,4
LF:19
LH:19
end_of_record
